<?xml version="1.0" encoding="UTF-8"?>
<!-- Generated by org.testng.reporters.JUnitReportReporter -->
<testsuite skipped="0" hostname="Aleksa-PC" name="package_1.Tests_PATCH" tests="1" failures="0" timestamp="2020-08-21T01:53:38 CEST" time="2.635" errors="0">
  <testcase name="test_01" time="2.635" classname="package_1.Tests_PATCH"/>
  <system-out/>
</testsuite> <!-- package_1.Tests_PATCH -->
