<?xml version="1.0" encoding="UTF-8"?>
<!-- Generated by org.testng.reporters.JUnitReportReporter -->
<testsuite skipped="0" hostname="Aleksa-PC" name="package_3.DataDrivenTest_POST" tests="2" failures="0" timestamp="2020-08-28T18:01:43 CEST" time="2.757" errors="0">
  <testcase name="test_POST01" time="2.683" classname="package_3.DataDrivenTest_POST"/>
  <system-out/>
  <testcase name="test_POST01" time="0.074" classname="package_3.DataDrivenTest_POST"/>
  <system-out/>
</testsuite> <!-- package_3.DataDrivenTest_POST -->
