<?xml version="1.0" encoding="UTF-8"?>
<!-- Generated by org.testng.reporters.JUnitReportReporter -->
<testsuite skipped="0" hostname="Aleksa-PC" name="package_2.LocalHost_DELETE" tests="1" failures="0" timestamp="2020-08-22T02:36:44 CEST" time="1.860" errors="0">
  <testcase name="test_DELETE01" time="1.860" classname="package_2.LocalHost_DELETE"/>
  <system-out/>
</testsuite> <!-- package_2.LocalHost_DELETE -->
