<?xml version="1.0" encoding="UTF-8"?>
<!-- Generated by org.testng.reporters.JUnitReportReporter -->
<testsuite skipped="0" hostname="Aleksa-PC" name="package_2.Examples_01" tests="2" failures="0" timestamp="2020-08-22T02:00:02 CEST" time="2.213" errors="0">
  <testcase name="test_GET01" time="2.165" classname="package_2.Examples_01"/>
  <system-out/>
  <testcase name="test_GET02" time="0.048" classname="package_2.Examples_01"/>
  <system-out/>
</testsuite> <!-- package_2.Examples_01 -->
