<?xml version="1.0" encoding="UTF-8"?>
<!-- Generated by org.testng.reporters.JUnitReportReporter -->
<testsuite skipped="0" hostname="Aleksa-PC" name="package_1.Tests_DELETE" tests="1" failures="0" timestamp="2020-08-21T01:58:57 CEST" time="2.396" errors="0">
  <testcase name="test_01" time="2.396" classname="package_1.Tests_DELETE"/>
  <system-out/>
</testsuite> <!-- package_1.Tests_DELETE -->
