<?xml version="1.0" encoding="UTF-8"?>
<!-- Generated by org.testng.reporters.JUnitReportReporter -->
<testsuite skipped="0" hostname="Aleksa-PC" name="package_1.Tests_POST" tests="2" failures="0" timestamp="2020-08-21T01:45:00 CEST" time="2.597" errors="0">
  <testcase name="test_02" time="2.595" classname="package_1.Tests_POST"/>
  <system-out/>
  <testcase name="test_1" time="0.002" classname="package_1.Tests_POST"/>
  <system-out/>
</testsuite> <!-- package_1.Tests_POST -->
