<?xml version="1.0" encoding="UTF-8"?>
<!-- Generated by org.testng.reporters.JUnitReportReporter -->
<testsuite skipped="0" hostname="Aleksa-PC" name="package_3.DataDrivenTest_01" tests="2" failures="0" timestamp="2020-08-23T01:59:36 CEST" time="2.140" errors="0">
  <testcase name="test_POST01" time="0.054" classname="package_3.DataDrivenTest_01"/>
  <system-out/>
  <testcase name="test_POST01" time="2.086" classname="package_3.DataDrivenTest_01"/>
  <system-out/>
</testsuite> <!-- package_3.DataDrivenTest_01 -->
