<?xml version="1.0" encoding="UTF-8"?>
<!-- Generated by org.testng.reporters.JUnitReportReporter -->
<testsuite skipped="0" hostname="Aleksa-PC" name="package_4.DataDrivenTest_POST" tests="2" failures="0" timestamp="2020-08-28T18:06:47 CEST" time="2.451" errors="0">
  <testcase name="test_POST01" time="0.079" classname="package_4.DataDrivenTest_POST"/>
  <system-out/>
  <testcase name="test_POST01" time="2.372" classname="package_4.DataDrivenTest_POST"/>
  <system-out/>
</testsuite> <!-- package_4.DataDrivenTest_POST -->
