<?xml version="1.0" encoding="UTF-8"?>
<!-- Generated by org.testng.reporters.JUnitReportReporter -->
<testsuite skipped="0" hostname="Aleksa-PC" name="package_4.DataDrivenTest_DELETE" tests="2" failures="0" timestamp="2020-08-28T18:06:53 CEST" time="2.122" errors="0">
  <testcase name="test_DELETE01" time="2.075" classname="package_4.DataDrivenTest_DELETE"/>
  <system-out/>
  <testcase name="test_DELETE01" time="0.047" classname="package_4.DataDrivenTest_DELETE"/>
  <system-out/>
</testsuite> <!-- package_4.DataDrivenTest_DELETE -->
