<?xml version="1.0" encoding="UTF-8"?>
<!-- Generated by org.testng.reporters.JUnitReportReporter -->
<testsuite skipped="0" hostname="Aleksa-PC" name="package_2.LocalHost_PATCH" tests="1" failures="0" timestamp="2020-08-22T02:31:01 CEST" time="2.256" errors="0">
  <testcase name="test_PATCH01" time="2.256" classname="package_2.LocalHost_PATCH"/>
  <system-out/>
</testsuite> <!-- package_2.LocalHost_PATCH -->
