<?xml version="1.0" encoding="UTF-8"?>
<!-- Generated by org.testng.reporters.JUnitReportReporter -->
<testsuite skipped="0" hostname="Aleksa-PC" name="package_2.LocalHost_POST" tests="1" failures="0" timestamp="2020-08-22T02:36:36 CEST" time="2.234" errors="0">
  <testcase name="test_POST01" time="2.234" classname="package_2.LocalHost_POST"/>
  <system-out/>
</testsuite> <!-- package_2.LocalHost_POST -->
