<?xml version="1.0" encoding="UTF-8"?>
<!-- Generated by org.testng.reporters.JUnitReportReporter -->
<testsuite skipped="0" hostname="Aleksa-PC" name="package_2.LocalHost_PUT" tests="1" failures="0" timestamp="2020-08-22T02:23:06 CEST" time="2.352" errors="0">
  <testcase name="test_PUT01" time="2.352" classname="package_2.LocalHost_PUT"/>
  <system-out/>
</testsuite> <!-- package_2.LocalHost_PUT -->
